20:16:40.198 [main] INFO  api_test.UserTests2 - creating the user
20:16:47.775 [main] INFO  api_test.UserTests2 - SuccessFully create user
20:16:47.785 [main] INFO  api_test.UserTests2 - getting the user
20:16:49.039 [main] INFO  api_test.UserTests2 - SuccessFully getting details user
20:16:49.041 [main] INFO  api_test.UserTests2 - user is updating the data
20:16:50.193 [main] INFO  api_test.UserTests2 - SuccessFully update details user
20:16:51.314 [main] INFO  api_test.UserTests2 - deleting details user
20:16:52.603 [main] INFO  api_test.UserTests2 - SuccessFully delete details user
20:40:59.831 [main] INFO  api_test.UserTests2 - creating the user
20:41:02.141 [main] INFO  api_test.UserTests2 - SuccessFully create user
20:41:02.150 [main] INFO  api_test.UserTests2 - getting the user
20:41:03.187 [main] INFO  api_test.UserTests2 - SuccessFully getting details user
20:41:03.189 [main] INFO  api_test.UserTests2 - user is updating the data
20:41:04.262 [main] INFO  api_test.UserTests2 - SuccessFully update details user
20:41:05.300 [main] INFO  api_test.UserTests2 - deleting details user
20:41:06.321 [main] INFO  api_test.UserTests2 - SuccessFully delete details user
20:54:53.387 [main] INFO  api_test.UserTests - creating the user
20:54:55.809 [main] INFO  api_test.UserTests - SuccessFully create user
20:54:55.812 [main] INFO  api_test.UserTests - getting the user
20:54:56.872 [main] INFO  api_test.UserTests - SuccessFully getting details user
20:54:56.873 [main] INFO  api_test.UserTests - user is updating the data
20:54:57.927 [main] INFO  api_test.UserTests - SuccessFully update details user
20:54:58.995 [main] INFO  api_test.UserTests - deleting details user
20:55:00.032 [main] INFO  api_test.UserTests - SuccessFully delete details user
18:01:38.496 [main] INFO  api_test.UserTests2 - creating the user
18:01:43.227 [main] INFO  api_test.UserTests2 - SuccessFully create user
18:01:43.240 [main] INFO  api_test.UserTests2 - getting the user
18:01:47.814 [main] INFO  api_test.UserTests2 - SuccessFully getting details user
18:01:47.817 [main] INFO  api_test.UserTests2 - user is updating the data
18:01:59.346 [main] INFO  api_test.UserTests2 - SuccessFully update details user
18:02:22.935 [main] INFO  api_test.UserTests2 - deleting details user
18:02:27.527 [main] INFO  api_test.UserTests2 - SuccessFully delete details user
